<?xml version="1.0" encoding="UTF-8"?>
<!-- Generated by org.testng.reporters.JUnitXMLReporter -->
<testsuite ignored="0" hostname="DESKTOP-GRCB15Q" failures="0" tests="3" name="Default test" time="8.574" errors="0" timestamp="2023-09-23T01:22:11 EET">
  <testcase classname="projectone.myclass" name="defaultIsArabic" time="0.1"/>
  <testcase classname="projectone.myclass" name="defaultcurrency" time="0.111"/>
  <testcase classname="projectone.myclass" name="flightsTabClicked" time="0.246"/>
</testsuite> <!-- Default test -->
