<?xml version="1.0" encoding="UTF-8"?>
<testng-results ignored="0" total="3" passed="3" failed="0" skipped="0">
  <reporter-output>
  </reporter-output>
  <suite started-at="2023-09-23T01:22:03 EET" name="Default suite" finished-at="2023-09-23T01:22:11 EET" duration-ms="8574">
    <groups>
    </groups>
    <test started-at="2023-09-23T01:22:03 EET" name="Default test" finished-at="2023-09-23T01:22:11 EET" duration-ms="8574">
      <class name="projectone.myclass">
        <test-method is-config="true" signature="myBeforeTest()[pri:0, instance:projectone.myclass@ca66933]" started-at="2023-09-23T01:22:03 EET" name="myBeforeTest" finished-at="2023-09-23T01:22:10 EET" duration-ms="7284" status="PASS">
          <reporter-output>
          </reporter-output>
        </test-method> <!-- myBeforeTest -->
        <test-method signature="defaultIsArabic()[pri:0, instance:projectone.myclass@ca66933]" started-at="2023-09-23T01:22:10 EET" name="defaultIsArabic" finished-at="2023-09-23T01:22:10 EET" duration-ms="100" status="PASS">
          <reporter-output>
          </reporter-output>
        </test-method> <!-- defaultIsArabic -->
        <test-method signature="defaultcurrency()[pri:0, instance:projectone.myclass@ca66933]" started-at="2023-09-23T01:22:10 EET" name="defaultcurrency" finished-at="2023-09-23T01:22:10 EET" duration-ms="111" status="PASS">
          <reporter-output>
          </reporter-output>
        </test-method> <!-- defaultcurrency -->
        <test-method signature="flightsTabClicked()[pri:0, instance:projectone.myclass@ca66933]" started-at="2023-09-23T01:22:10 EET" name="flightsTabClicked" finished-at="2023-09-23T01:22:11 EET" duration-ms="246" status="PASS">
          <reporter-output>
          </reporter-output>
        </test-method> <!-- flightsTabClicked -->
        <test-method is-config="true" signature="myAfterTest()[pri:0, instance:projectone.myclass@ca66933]" started-at="2023-09-23T01:22:11 EET" name="myAfterTest" finished-at="2023-09-23T01:22:11 EET" duration-ms="639" status="PASS">
          <reporter-output>
          </reporter-output>
        </test-method> <!-- myAfterTest -->
      </class> <!-- projectone.myclass -->
    </test> <!-- Default test -->
  </suite> <!-- Default suite -->
</testng-results>
